Build started 03/09/2013 12:09:23 AM.
     1>Project "C:\Users\Eran-Tasker Desktop\Documents\Visual Studio 2010\Projects\tennis-court\OpenCV_test\OpenCV_test.vcxproj" on node 3 (build target(s)).
     1>InitializeBuildStatus:
         Creating "Debug\OpenCV_test.unsuccessfulbuild" because "AlwaysCreate" was specified.
       ClCompile:
         c:\Program Files (x86)\Microsoft Visual Studio 10.0\VC\bin\CL.exe /c /IC:\opencv\build\x86\vc10\include /ZI /nologo /W3 /WX- /Od /Oy- /D WIN32 /D _DEBUG /D _CONSOLE /D _UNICODE /D UNICODE /Gm /EHsc /RTC1 /MDd /GS /fp:precise /Zc:wchar_t /Zc:forScope /Fo"Debug\\" /Fd"Debug\vc100.pdb" /Gd /TP /analyze- /errorReport:prompt CannyDetector_Demo.cpp
         CannyDetector_Demo.cpp
     1>c:\users\eran-tasker desktop\documents\visual studio 2010\projects\tennis-court\opencv_test\cannydetector_demo.cpp(190): warning C4244: 'argument' : conversion from 'double' to 'int', possible loss of data
     1>c:\users\eran-tasker desktop\documents\visual studio 2010\projects\tennis-court\opencv_test\cannydetector_demo.cpp(191): warning C4244: 'argument' : conversion from 'double' to 'int', possible loss of data
     1>c:\users\eran-tasker desktop\documents\visual studio 2010\projects\tennis-court\opencv_test\cannydetector_demo.cpp(192): warning C4244: 'argument' : conversion from 'double' to 'int', possible loss of data
     1>c:\users\eran-tasker desktop\documents\visual studio 2010\projects\tennis-court\opencv_test\cannydetector_demo.cpp(193): warning C4244: 'argument' : conversion from 'double' to 'int', possible loss of data
     1>c:\users\eran-tasker desktop\documents\visual studio 2010\projects\tennis-court\opencv_test\cannydetector_demo.cpp(193): warning C4244: 'argument' : conversion from 'double' to 'int', possible loss of data
     1>c:\users\eran-tasker desktop\documents\visual studio 2010\projects\tennis-court\opencv_test\cannydetector_demo.cpp(194): warning C4244: 'argument' : conversion from 'double' to 'int', possible loss of data
     1>c:\users\eran-tasker desktop\documents\visual studio 2010\projects\tennis-court\opencv_test\cannydetector_demo.cpp(196): warning C4018: '<' : signed/unsigned mismatch
       ManifestResourceCompile:
         C:\Program Files (x86)\Microsoft SDKs\Windows\v7.0A\bin\rc.exe /nologo /fo"Debug\OpenCV_test.exe.embed.manifest.res" Debug\OpenCV_test_manifest.rc 
       Link:
         c:\Program Files (x86)\Microsoft Visual Studio 10.0\VC\bin\link.exe /ERRORREPORT:PROMPT /OUT:"C:\Users\Eran-Tasker Desktop\Documents\Visual Studio 2010\Projects\tennis-court\Debug\OpenCV_test.exe" /INCREMENTAL /NOLOGO /LIBPATH:C:\opencv\build\x86\vc10\lib opencv_core246d.lib opencv_imgproc246d.lib opencv_highgui246d.lib opencv_ml246d.lib opencv_video246d.lib opencv_features2d246d.lib opencv_calib3d246d.lib opencv_objdetect246d.lib opencv_contrib246d.lib opencv_legacy246d.lib opencv_flann246d.lib kernel32.lib user32.lib gdi32.lib winspool.lib comdlg32.lib advapi32.lib shell32.lib ole32.lib oleaut32.lib uuid.lib odbc32.lib odbccp32.lib /MANIFEST /ManifestFile:"Debug\OpenCV_test.exe.intermediate.manifest" /MANIFESTUAC:"level='asInvoker' uiAccess='false'" /DEBUG /PDB:"C:\Users\Eran-Tasker Desktop\Documents\Visual Studio 2010\Projects\tennis-court\Debug\OpenCV_test.pdb" /SUBSYSTEM:CONSOLE /TLBID:1 /DYNAMICBASE /NXCOMPAT /IMPLIB:"C:\Users\Eran-Tasker Desktop\Documents\Visual Studio 2010\Projects\tennis-court\Debug\OpenCV_test.lib" /MACHINE:X86 Debug\OpenCV_test.exe.embed.manifest.res
         Debug\CannyDetector_Demo.obj
     1>MSVCRTD.lib(crtexe.obj) : error LNK2019: unresolved external symbol _main referenced in function ___tmainCRTStartup
     1>C:\Users\Eran-Tasker Desktop\Documents\Visual Studio 2010\Projects\tennis-court\Debug\OpenCV_test.exe : fatal error LNK1120: 1 unresolved externals
     1>Done Building Project "C:\Users\Eran-Tasker Desktop\Documents\Visual Studio 2010\Projects\tennis-court\OpenCV_test\OpenCV_test.vcxproj" (build target(s)) -- FAILED.

Build FAILED.

Time Elapsed 00:00:03.18
