Build started 2013-10-23 2:25:08 PM.
     1>Project "C:\Users\Eran-Tasker (Sager)\Documents\Visual Studio 2010\Projects\OpenCV Test\OpenCV Test\OpenCV Test.vcxproj" on node 2 (build target(s)).
     1>InitializeBuildStatus:
         Creating "Release\OpenCV Test.unsuccessfulbuild" because "AlwaysCreate" was specified.
       ClCompile:
         c:\Program Files (x86)\Microsoft Visual Studio 10.0\VC\bin\CL.exe /c /I\include /Zi /nologo /W3 /WX- /O2 /Oi /Oy- /GL /D WIN32 /D NDEBUG /D _CONSOLE /D _UNICODE /D UNICODE /Gm- /EHsc /MD /GS /Gy /fp:precise /Zc:wchar_t /Zc:forScope /Fo"Release\\" /Fd"Release\vc100.pdb" /Gd /TP /analyze- /errorReport:prompt opencv_test.cpp
         opencv_test.cpp
     1>opencv_test.cpp(1): fatal error C1083: Cannot open include file: 'opencv2/core/core.hpp': No such file or directory
     1>Done Building Project "C:\Users\Eran-Tasker (Sager)\Documents\Visual Studio 2010\Projects\OpenCV Test\OpenCV Test\OpenCV Test.vcxproj" (build target(s)) -- FAILED.

Build FAILED.

Time Elapsed 00:00:01.00
